2026-04-16 10:58:30 - [0.274] ΜΟΥ ΕΒΓΑΛΕ ΣΦΑΛΜΑ ΤΟ patch
2026-04-16 10:59:05 - [0.000] μου ξεκολησε ο αισθητηρας
2026-04-16 10:59:10 - [0.274] patch
2026-04-16 10:59:15 - [0.000] patrch
2026-04-16 11:00:28 - [0.274] patch
2026-04-16 11:45:09 - [0.237] κολλησε το patch τι να κανω
2026-04-16 11:46:39 - [0.057] βραχηκε
2026-04-16 11:53:13 - [0.245] Μου έβγαλε συναγερμό για απόφραξη. Αλλάζω κατευθείαν το patch ή μπορώ να το ξεμπλοκάρω με κάποιον τρόπο;
2026-04-16 11:53:55 - [0.207] Άλλα μου δείχνει το τρύπημα στο δάχτυλο και άλλα το μηχάνημα στο χέρι. Ποιο να πιστέψω, του δαχτύλου ή το άλλο;
2026-04-16 11:55:24 - [0.224] Νιώθω ότι έχω υπογλυκαιμία, τρέμω ολόκληρη, αλλά το κινητό λέει ότι το ζάχαρο είναι μια χαρά. Τι να κάνω τώρα;
2026-04-16 12:15:12 - [0.173] δεν καταλαβες, για το patch ρωταω
2026-04-16 15:36:58 - [0.105] μπήκα στη θάλασσα με το PDM
2026-04-16 15:37:05 - [0.105] μπήκα στη θάλασσα με το PDM
2026-04-16 15:38:49 - [0.000] σ
2026-04-16 15:39:07 - [0.000] α
2026-04-16 16:30:05 - [0.009] εμ
2026-04-16 16:30:07 - [0.025] χα
2026-04-16 16:30:09 - [0.079] χαλια
2026-04-17 14:08:11 - [0.000] κ
2026-04-17 14:09:12 - [0.000] κ
2026-04-17 14:09:37 - [0.000] σ
